load model from ./saved_models_3/vgg19/005/50_19push0.1070.pth
model base architecture: vgg19
experiment run: 005/
Prototypes are chosen from 200 number of classes.
Their class identities are: [  0   0   0 ... 199 199 199]
All prototypes connect most strongly to their respective classes.
0 (188, 0)
Predicted: 188
Actual: 0
Most activated 10 prototypes of this image:
top 1 activated prototype for this image:
prototype index: 1703
prototype class identity: 170
activation value (similarity score): 4.618133068084717
last layer connection with predicted class: -0.4600597023963928
most highly activated patch of the chosen image by this prototype:
most highly activated patch by this prototype shown in the original image:
prototype activation map of the chosen image:
--------------------------------------------------------------
top 2 activated prototype for this image:
prototype index: 361
prototype class identity: 36
activation value (similarity score): 4.2212700843811035
last layer connection with predicted class: -0.5012056231498718
most highly activated patch of the chosen image by this prototype:
most highly activated patch by this prototype shown in the original image:
prototype activation map of the chosen image:
--------------------------------------------------------------
top 3 activated prototype for this image:
prototype index: 787
prototype class identity: 78
activation value (similarity score): 4.036453723907471
last layer connection with predicted class: -0.4932183027267456
most highly activated patch of the chosen image by this prototype:
most highly activated patch by this prototype shown in the original image:
prototype activation map of the chosen image:
--------------------------------------------------------------
top 4 activated prototype for this image:
prototype index: 745
prototype class identity: 74
activation value (similarity score): 3.9252352714538574
last layer connection with predicted class: -0.5080404877662659
most highly activated patch of the chosen image by this prototype:
most highly activated patch by this prototype shown in the original image:
prototype activation map of the chosen image:
--------------------------------------------------------------
top 5 activated prototype for this image:
prototype index: 328
prototype class identity: 32
activation value (similarity score): 3.8442394733428955
last layer connection with predicted class: -0.49580591917037964
most highly activated patch of the chosen image by this prototype:
most highly activated patch by this prototype shown in the original image:
prototype activation map of the chosen image:
--------------------------------------------------------------
top 6 activated prototype for this image:
prototype index: 266
prototype class identity: 26
activation value (similarity score): 3.830764055252075
last layer connection with predicted class: -0.5027761459350586
most highly activated patch of the chosen image by this prototype:
most highly activated patch by this prototype shown in the original image:
prototype activation map of the chosen image:
--------------------------------------------------------------
top 7 activated prototype for this image:
prototype index: 563
prototype class identity: 56
activation value (similarity score): 3.8033864498138428
last layer connection with predicted class: -0.4962484538555145
most highly activated patch of the chosen image by this prototype:
most highly activated patch by this prototype shown in the original image:
prototype activation map of the chosen image:
--------------------------------------------------------------
top 8 activated prototype for this image:
prototype index: 1462
prototype class identity: 146
activation value (similarity score): 3.7519614696502686
last layer connection with predicted class: -0.49208664894104004
most highly activated patch of the chosen image by this prototype:
most highly activated patch by this prototype shown in the original image:
prototype activation map of the chosen image:
--------------------------------------------------------------
top 9 activated prototype for this image:
prototype index: 748
prototype class identity: 74
activation value (similarity score): 3.689061164855957
last layer connection with predicted class: -0.48197123408317566
most highly activated patch of the chosen image by this prototype:
most highly activated patch by this prototype shown in the original image:
prototype activation map of the chosen image:
--------------------------------------------------------------
top 10 activated prototype for this image:
prototype index: 1175
prototype class identity: 117
activation value (similarity score): 3.6801795959472656
last layer connection with predicted class: -0.4957773983478546
most highly activated patch of the chosen image by this prototype:
most highly activated patch by this prototype shown in the original image:
prototype activation map of the chosen image:
--------------------------------------------------------------
Prototypes from top-10 classes:
top 1 predicted class: 188
logit of the class: -1675.842773
prototype index: 1885
prototype class identity: 188
activation value (similarity score): 3.0670108795166016
last layer connection: 1.011948823928833
most highly activated patch of the chosen image by this prototype:
most highly activated patch by this prototype shown in the original image:
prototype activation map of the chosen image:
--------------------------------------------------------------
prototype index: 1883
prototype class identity: 188
activation value (similarity score): 2.8345439434051514
last layer connection: 1.0027809143066406
most highly activated patch of the chosen image by this prototype:
most highly activated patch by this prototype shown in the original image:
prototype activation map of the chosen image:
--------------------------------------------------------------
prototype index: 1880
prototype class identity: 188
activation value (similarity score): 2.7935056686401367
last layer connection: 1.0252304077148438
most highly activated patch of the chosen image by this prototype:
most highly activated patch by this prototype shown in the original image:
prototype activation map of the chosen image:
--------------------------------------------------------------
prototype index: 1888
prototype class identity: 188
activation value (similarity score): 1.929494023323059
last layer connection: 0.949380099773407
most highly activated patch of the chosen image by this prototype:
most highly activated patch by this prototype shown in the original image:
prototype activation map of the chosen image:
--------------------------------------------------------------
prototype index: 1881
prototype class identity: 188
activation value (similarity score): 1.7719963788986206
last layer connection: 0.9815903902053833
most highly activated patch of the chosen image by this prototype:
most highly activated patch by this prototype shown in the original image:
prototype activation map of the chosen image:
--------------------------------------------------------------
prototype index: 1882
prototype class identity: 188
activation value (similarity score): 1.6614124774932861
last layer connection: 0.9898189902305603
most highly activated patch of the chosen image by this prototype:
most highly activated patch by this prototype shown in the original image:
prototype activation map of the chosen image:
--------------------------------------------------------------
prototype index: 1889
prototype class identity: 188
activation value (similarity score): 1.4849587678909302
last layer connection: 0.9876110553741455
most highly activated patch of the chosen image by this prototype:
most highly activated patch by this prototype shown in the original image:
prototype activation map of the chosen image:
--------------------------------------------------------------
prototype index: 1884
prototype class identity: 188
activation value (similarity score): 1.4772220849990845
last layer connection: 0.9631774425506592
most highly activated patch of the chosen image by this prototype:
most highly activated patch by this prototype shown in the original image:
prototype activation map of the chosen image:
--------------------------------------------------------------
prototype index: 1887
prototype class identity: 188
activation value (similarity score): 1.3932478427886963
last layer connection: 0.9390829801559448
most highly activated patch of the chosen image by this prototype:
most highly activated patch by this prototype shown in the original image:
prototype activation map of the chosen image:
--------------------------------------------------------------
prototype index: 1886
prototype class identity: 188
activation value (similarity score): 1.0630892515182495
last layer connection: 0.9819901585578918
most highly activated patch of the chosen image by this prototype:
most highly activated patch by this prototype shown in the original image:
prototype activation map of the chosen image:
--------------------------------------------------------------
***************************************************************
top 2 predicted class: 16
logit of the class: -1676.917725
prototype index: 164
prototype class identity: 16
activation value (similarity score): 3.5315985679626465
last layer connection: 0.9931632280349731
most highly activated patch of the chosen image by this prototype:
most highly activated patch by this prototype shown in the original image:
prototype activation map of the chosen image:
--------------------------------------------------------------
prototype index: 169
prototype class identity: 16
activation value (similarity score): 3.50077486038208
last layer connection: 1.0029735565185547
most highly activated patch of the chosen image by this prototype:
most highly activated patch by this prototype shown in the original image:
prototype activation map of the chosen image:
--------------------------------------------------------------
prototype index: 166
prototype class identity: 16
activation value (similarity score): 2.889115571975708
last layer connection: 0.9823682904243469
most highly activated patch of the chosen image by this prototype:
most highly activated patch by this prototype shown in the original image:
prototype activation map of the chosen image:
--------------------------------------------------------------
prototype index: 167
prototype class identity: 16
activation value (similarity score): 2.396667003631592
last layer connection: 1.018945574760437
most highly activated patch of the chosen image by this prototype:
most highly activated patch by this prototype shown in the original image:
prototype activation map of the chosen image:
--------------------------------------------------------------
prototype index: 163
prototype class identity: 16
activation value (similarity score): 2.2269468307495117
last layer connection: 0.9749512076377869
most highly activated patch of the chosen image by this prototype:
most highly activated patch by this prototype shown in the original image:
prototype activation map of the chosen image:
--------------------------------------------------------------
prototype index: 168
prototype class identity: 16
activation value (similarity score): 1.9101684093475342
last layer connection: 0.9915708899497986
most highly activated patch of the chosen image by this prototype:
most highly activated patch by this prototype shown in the original image:
prototype activation map of the chosen image:
--------------------------------------------------------------
prototype index: 165
prototype class identity: 16
activation value (similarity score): 1.9101684093475342
last layer connection: 0.9915708899497986
most highly activated patch of the chosen image by this prototype:
most highly activated patch by this prototype shown in the original image:
prototype activation map of the chosen image:
--------------------------------------------------------------
prototype index: 162
prototype class identity: 16
activation value (similarity score): 1.0782290697097778
last layer connection: 0.9839159846305847
most highly activated patch of the chosen image by this prototype:
most highly activated patch by this prototype shown in the original image:
prototype activation map of the chosen image:
--------------------------------------------------------------
prototype index: 161
prototype class identity: 16
activation value (similarity score): 0.9450444579124451
last layer connection: 0.9776753187179565
most highly activated patch of the chosen image by this prototype:
most highly activated patch by this prototype shown in the original image:
prototype activation map of the chosen image:
--------------------------------------------------------------
prototype index: 160
prototype class identity: 16
activation value (similarity score): 0.43424108624458313
last layer connection: 0.8724645376205444
most highly activated patch of the chosen image by this prototype:
most highly activated patch by this prototype shown in the original image:
prototype activation map of the chosen image:
--------------------------------------------------------------
***************************************************************
top 3 predicted class: 47
logit of the class: -1677.057373
prototype index: 475
prototype class identity: 47
activation value (similarity score): 2.9527971744537354
last layer connection: 0.9732751250267029
most highly activated patch of the chosen image by this prototype:
most highly activated patch by this prototype shown in the original image:
prototype activation map of the chosen image:
--------------------------------------------------------------
prototype index: 472
prototype class identity: 47
activation value (similarity score): 2.613987922668457
last layer connection: 1.0079585313796997
most highly activated patch of the chosen image by this prototype:
most highly activated patch by this prototype shown in the original image:
prototype activation map of the chosen image:
--------------------------------------------------------------
prototype index: 470
prototype class identity: 47
activation value (similarity score): 2.4140944480895996
last layer connection: 1.0044819116592407
most highly activated patch of the chosen image by this prototype:
most highly activated patch by this prototype shown in the original image:
prototype activation map of the chosen image:
--------------------------------------------------------------
prototype index: 473
prototype class identity: 47
activation value (similarity score): 2.3373982906341553
last layer connection: 1.0066635608673096
most highly activated patch of the chosen image by this prototype:
most highly activated patch by this prototype shown in the original image:
prototype activation map of the chosen image:
--------------------------------------------------------------
prototype index: 479
prototype class identity: 47
activation value (similarity score): 2.2595205307006836
last layer connection: 1.0228041410446167
most highly activated patch of the chosen image by this prototype:
most highly activated patch by this prototype shown in the original image:
prototype activation map of the chosen image:
--------------------------------------------------------------
prototype index: 477
prototype class identity: 47
activation value (similarity score): 1.838052749633789
last layer connection: 0.9988871216773987
most highly activated patch of the chosen image by this prototype:
most highly activated patch by this prototype shown in the original image:
prototype activation map of the chosen image:
--------------------------------------------------------------
prototype index: 471
prototype class identity: 47
activation value (similarity score): 1.779026985168457
last layer connection: 0.9800739884376526
most highly activated patch of the chosen image by this prototype:
most highly activated patch by this prototype shown in the original image:
prototype activation map of the chosen image:
--------------------------------------------------------------
prototype index: 478
prototype class identity: 47
activation value (similarity score): 1.4338263273239136
last layer connection: 0.9992711544036865
most highly activated patch of the chosen image by this prototype:
most highly activated patch by this prototype shown in the original image:
prototype activation map of the chosen image:
--------------------------------------------------------------
prototype index: 476
prototype class identity: 47
activation value (similarity score): 0.8830839395523071
last layer connection: 0.9109751582145691
most highly activated patch of the chosen image by this prototype:
most highly activated patch by this prototype shown in the original image:
prototype activation map of the chosen image:
--------------------------------------------------------------
prototype index: 474
prototype class identity: 47
activation value (similarity score): 0.6527802348136902
last layer connection: 0.9328898787498474
most highly activated patch of the chosen image by this prototype:
most highly activated patch by this prototype shown in the original image:
prototype activation map of the chosen image:
--------------------------------------------------------------
***************************************************************
top 4 predicted class: 56
logit of the class: -1677.632568
prototype index: 563
prototype class identity: 56
activation value (similarity score): 3.8033864498138428
last layer connection: 1.0017263889312744
most highly activated patch of the chosen image by this prototype:
most highly activated patch by this prototype shown in the original image:
prototype activation map of the chosen image:
--------------------------------------------------------------
prototype index: 568
prototype class identity: 56
activation value (similarity score): 3.6229991912841797
last layer connection: 1.0340549945831299
most highly activated patch of the chosen image by this prototype:
most highly activated patch by this prototype shown in the original image:
prototype activation map of the chosen image:
--------------------------------------------------------------
prototype index: 566
prototype class identity: 56
activation value (similarity score): 2.249152421951294
last layer connection: 0.9949492812156677
most highly activated patch of the chosen image by this prototype:
most highly activated patch by this prototype shown in the original image:
prototype activation map of the chosen image:
--------------------------------------------------------------
prototype index: 561
prototype class identity: 56
activation value (similarity score): 1.6522631645202637
last layer connection: 1.0325990915298462
most highly activated patch of the chosen image by this prototype:
most highly activated patch by this prototype shown in the original image:
prototype activation map of the chosen image:
--------------------------------------------------------------
prototype index: 560
prototype class identity: 56
activation value (similarity score): 1.4698107242584229
last layer connection: 0.9573878645896912
most highly activated patch of the chosen image by this prototype:
most highly activated patch by this prototype shown in the original image:
prototype activation map of the chosen image:
--------------------------------------------------------------
prototype index: 569
prototype class identity: 56
activation value (similarity score): 1.3933954238891602
last layer connection: 1.036440372467041
most highly activated patch of the chosen image by this prototype:
most highly activated patch by this prototype shown in the original image:
prototype activation map of the chosen image:
--------------------------------------------------------------
prototype index: 567
prototype class identity: 56
activation value (similarity score): 1.3604481220245361
last layer connection: 0.9893319606781006
most highly activated patch of the chosen image by this prototype:
most highly activated patch by this prototype shown in the original image:
prototype activation map of the chosen image:
--------------------------------------------------------------
prototype index: 564
prototype class identity: 56
activation value (similarity score): 1.3084940910339355
last layer connection: 1.0068684816360474
most highly activated patch of the chosen image by this prototype:
most highly activated patch by this prototype shown in the original image:
prototype activation map of the chosen image:
--------------------------------------------------------------
prototype index: 565
prototype class identity: 56
activation value (similarity score): 0.8159341812133789
last layer connection: 0.9893665313720703
most highly activated patch of the chosen image by this prototype:
most highly activated patch by this prototype shown in the original image:
prototype activation map of the chosen image:
--------------------------------------------------------------
prototype index: 562
prototype class identity: 56
activation value (similarity score): 0.6341728568077087
last layer connection: 0.9836980104446411
most highly activated patch of the chosen image by this prototype:
most highly activated patch by this prototype shown in the original image:
prototype activation map of the chosen image:
--------------------------------------------------------------
***************************************************************
top 5 predicted class: 55
logit of the class: -1678.082031
prototype index: 554
prototype class identity: 55
activation value (similarity score): 3.3449909687042236
last layer connection: 0.9858274459838867
most highly activated patch of the chosen image by this prototype:
most highly activated patch by this prototype shown in the original image:
prototype activation map of the chosen image:
--------------------------------------------------------------
prototype index: 553
prototype class identity: 55
activation value (similarity score): 3.316333770751953
last layer connection: 1.0262576341629028
most highly activated patch of the chosen image by this prototype:
most highly activated patch by this prototype shown in the original image:
prototype activation map of the chosen image:
--------------------------------------------------------------
prototype index: 557
prototype class identity: 55
activation value (similarity score): 2.600339651107788
last layer connection: 1.005157709121704
most highly activated patch of the chosen image by this prototype:
most highly activated patch by this prototype shown in the original image:
prototype activation map of the chosen image:
--------------------------------------------------------------
prototype index: 559
prototype class identity: 55
activation value (similarity score): 1.9097384214401245
last layer connection: 0.9732707142829895
most highly activated patch of the chosen image by this prototype:
most highly activated patch by this prototype shown in the original image:
prototype activation map of the chosen image:
--------------------------------------------------------------
prototype index: 556
prototype class identity: 55
activation value (similarity score): 1.811981439590454
last layer connection: 0.9401379227638245
most highly activated patch of the chosen image by this prototype:
most highly activated patch by this prototype shown in the original image:
prototype activation map of the chosen image:
--------------------------------------------------------------
prototype index: 555
prototype class identity: 55
activation value (similarity score): 1.6860570907592773
last layer connection: 0.9793544411659241
most highly activated patch of the chosen image by this prototype:
most highly activated patch by this prototype shown in the original image:
prototype activation map of the chosen image:
--------------------------------------------------------------
prototype index: 552
prototype class identity: 55
activation value (similarity score): 1.6804883480072021
last layer connection: 0.964134156703949
most highly activated patch of the chosen image by this prototype:
most highly activated patch by this prototype shown in the original image:
prototype activation map of the chosen image:
--------------------------------------------------------------
prototype index: 551
prototype class identity: 55
activation value (similarity score): 1.6063165664672852
last layer connection: 1.006880521774292
most highly activated patch of the chosen image by this prototype:
most highly activated patch by this prototype shown in the original image:
prototype activation map of the chosen image:
--------------------------------------------------------------
prototype index: 558
prototype class identity: 55
activation value (similarity score): 1.52353835105896
last layer connection: 1.0177351236343384
most highly activated patch of the chosen image by this prototype:
most highly activated patch by this prototype shown in the original image:
prototype activation map of the chosen image:
--------------------------------------------------------------
prototype index: 550
prototype class identity: 55
activation value (similarity score): 1.1013445854187012
last layer connection: 0.9784461259841919
most highly activated patch of the chosen image by this prototype:
most highly activated patch by this prototype shown in the original image:
prototype activation map of the chosen image:
--------------------------------------------------------------
***************************************************************
top 6 predicted class: 43
logit of the class: -1678.098755
prototype index: 438
prototype class identity: 43
activation value (similarity score): 3.583371639251709
last layer connection: 1.0443600416183472
most highly activated patch of the chosen image by this prototype:
most highly activated patch by this prototype shown in the original image:
prototype activation map of the chosen image:
--------------------------------------------------------------
prototype index: 430
prototype class identity: 43
activation value (similarity score): 2.5656440258026123
last layer connection: 0.9973177909851074
most highly activated patch of the chosen image by this prototype:
most highly activated patch by this prototype shown in the original image:
prototype activation map of the chosen image:
--------------------------------------------------------------
prototype index: 439
prototype class identity: 43
activation value (similarity score): 1.679627776145935
last layer connection: 0.993132472038269
most highly activated patch of the chosen image by this prototype:
most highly activated patch by this prototype shown in the original image:
prototype activation map of the chosen image:
--------------------------------------------------------------
prototype index: 435
prototype class identity: 43
activation value (similarity score): 1.4995299577713013
last layer connection: 0.9885450005531311
most highly activated patch of the chosen image by this prototype:
most highly activated patch by this prototype shown in the original image:
prototype activation map of the chosen image:
--------------------------------------------------------------
prototype index: 432
prototype class identity: 43
activation value (similarity score): 1.3727226257324219
last layer connection: 0.9953638911247253
most highly activated patch of the chosen image by this prototype:
most highly activated patch by this prototype shown in the original image:
prototype activation map of the chosen image:
--------------------------------------------------------------
prototype index: 431
prototype class identity: 43
activation value (similarity score): 1.3430794477462769
last layer connection: 0.9592426419258118
most highly activated patch of the chosen image by this prototype:
most highly activated patch by this prototype shown in the original image:
prototype activation map of the chosen image:
--------------------------------------------------------------
prototype index: 434
prototype class identity: 43
activation value (similarity score): 1.2551826238632202
last layer connection: 0.9918741583824158
most highly activated patch of the chosen image by this prototype:
most highly activated patch by this prototype shown in the original image:
prototype activation map of the chosen image:
--------------------------------------------------------------
prototype index: 433
prototype class identity: 43
activation value (similarity score): 0.9765669703483582
last layer connection: 0.9949081540107727
most highly activated patch of the chosen image by this prototype:
most highly activated patch by this prototype shown in the original image:
prototype activation map of the chosen image:
--------------------------------------------------------------
prototype index: 437
prototype class identity: 43
activation value (similarity score): 0.9572593569755554
last layer connection: 0.9365751147270203
most highly activated patch of the chosen image by this prototype:
most highly activated patch by this prototype shown in the original image:
prototype activation map of the chosen image:
--------------------------------------------------------------
prototype index: 436
prototype class identity: 43
activation value (similarity score): 0.9572593569755554
last layer connection: 0.9365751147270203
most highly activated patch of the chosen image by this prototype:
most highly activated patch by this prototype shown in the original image:
prototype activation map of the chosen image:
--------------------------------------------------------------
***************************************************************
top 7 predicted class: 30
logit of the class: -1678.267822
prototype index: 306
prototype class identity: 30
activation value (similarity score): 3.322751760482788
last layer connection: 0.9672251343727112
most highly activated patch of the chosen image by this prototype:
most highly activated patch by this prototype shown in the original image:
prototype activation map of the chosen image:
--------------------------------------------------------------
prototype index: 301
prototype class identity: 30
activation value (similarity score): 3.0371527671813965
last layer connection: 1.0055233240127563
most highly activated patch of the chosen image by this prototype:
most highly activated patch by this prototype shown in the original image:
prototype activation map of the chosen image:
--------------------------------------------------------------
prototype index: 304
prototype class identity: 30
activation value (similarity score): 2.683424472808838
last layer connection: 0.9249271154403687
most highly activated patch of the chosen image by this prototype:
most highly activated patch by this prototype shown in the original image:
prototype activation map of the chosen image:
--------------------------------------------------------------
prototype index: 305
prototype class identity: 30
activation value (similarity score): 2.415722608566284
last layer connection: 0.9395838975906372
most highly activated patch of the chosen image by this prototype:
most highly activated patch by this prototype shown in the original image:
prototype activation map of the chosen image:
--------------------------------------------------------------
prototype index: 303
prototype class identity: 30
activation value (similarity score): 1.9764851331710815
last layer connection: 1.0184894800186157
most highly activated patch of the chosen image by this prototype:
most highly activated patch by this prototype shown in the original image:
prototype activation map of the chosen image:
--------------------------------------------------------------
prototype index: 302
prototype class identity: 30
activation value (similarity score): 1.5453541278839111
last layer connection: 1.0046947002410889
most highly activated patch of the chosen image by this prototype:
most highly activated patch by this prototype shown in the original image:
prototype activation map of the chosen image:
--------------------------------------------------------------
prototype index: 308
prototype class identity: 30
activation value (similarity score): 1.446557879447937
last layer connection: 1.0158827304840088
most highly activated patch of the chosen image by this prototype:
most highly activated patch by this prototype shown in the original image:
prototype activation map of the chosen image:
--------------------------------------------------------------
prototype index: 307
prototype class identity: 30
activation value (similarity score): 1.156954050064087
last layer connection: 0.8752660155296326
most highly activated patch of the chosen image by this prototype:
most highly activated patch by this prototype shown in the original image:
prototype activation map of the chosen image:
--------------------------------------------------------------
prototype index: 300
prototype class identity: 30
activation value (similarity score): 1.093617558479309
last layer connection: 0.8827055096626282
most highly activated patch of the chosen image by this prototype:
most highly activated patch by this prototype shown in the original image:
prototype activation map of the chosen image:
--------------------------------------------------------------
prototype index: 309
prototype class identity: 30
activation value (similarity score): 0.6025208830833435
last layer connection: 0.9885748624801636
most highly activated patch of the chosen image by this prototype:
most highly activated patch by this prototype shown in the original image:
prototype activation map of the chosen image:
--------------------------------------------------------------
***************************************************************
top 8 predicted class: 185
logit of the class: -1678.692749
prototype index: 1858
prototype class identity: 185
activation value (similarity score): 3.016380786895752
last layer connection: 1.0035878419876099
most highly activated patch of the chosen image by this prototype:
most highly activated patch by this prototype shown in the original image:
prototype activation map of the chosen image:
--------------------------------------------------------------
prototype index: 1851
prototype class identity: 185
activation value (similarity score): 2.8268673419952393
last layer connection: 1.001124382019043
most highly activated patch of the chosen image by this prototype:
most highly activated patch by this prototype shown in the original image:
prototype activation map of the chosen image:
--------------------------------------------------------------
prototype index: 1859
prototype class identity: 185
activation value (similarity score): 2.7235140800476074
last layer connection: 1.0225752592086792
most highly activated patch of the chosen image by this prototype:
most highly activated patch by this prototype shown in the original image:
prototype activation map of the chosen image:
--------------------------------------------------------------
prototype index: 1856
prototype class identity: 185
activation value (similarity score): 2.4633216857910156
last layer connection: 0.9950219392776489
most highly activated patch of the chosen image by this prototype:
most highly activated patch by this prototype shown in the original image:
prototype activation map of the chosen image:
--------------------------------------------------------------
prototype index: 1853
prototype class identity: 185
activation value (similarity score): 2.446559429168701
last layer connection: 0.9541858434677124
most highly activated patch of the chosen image by this prototype:
most highly activated patch by this prototype shown in the original image:
prototype activation map of the chosen image:
--------------------------------------------------------------
prototype index: 1854
prototype class identity: 185
activation value (similarity score): 2.0114097595214844
last layer connection: 0.987417995929718
most highly activated patch of the chosen image by this prototype:
most highly activated patch by this prototype shown in the original image:
prototype activation map of the chosen image:
--------------------------------------------------------------
prototype index: 1857
prototype class identity: 185
activation value (similarity score): 1.8638392686843872
last layer connection: 0.994359016418457
most highly activated patch of the chosen image by this prototype:
most highly activated patch by this prototype shown in the original image:
prototype activation map of the chosen image:
--------------------------------------------------------------
prototype index: 1855
prototype class identity: 185
activation value (similarity score): 1.6436785459518433
last layer connection: 0.9616602659225464
most highly activated patch of the chosen image by this prototype:
most highly activated patch by this prototype shown in the original image:
prototype activation map of the chosen image:
--------------------------------------------------------------
prototype index: 1850
prototype class identity: 185
activation value (similarity score): 1.6244908571243286
last layer connection: 1.002280592918396
most highly activated patch of the chosen image by this prototype:
most highly activated patch by this prototype shown in the original image:
prototype activation map of the chosen image:
--------------------------------------------------------------
prototype index: 1852
prototype class identity: 185
activation value (similarity score): 1.5084340572357178
last layer connection: 0.985802948474884
most highly activated patch of the chosen image by this prototype:
most highly activated patch by this prototype shown in the original image:
prototype activation map of the chosen image:
--------------------------------------------------------------
***************************************************************
top 9 predicted class: 138
logit of the class: -1678.790527
prototype index: 1386
prototype class identity: 138
activation value (similarity score): 3.113931655883789
last layer connection: 0.9704064130783081
most highly activated patch of the chosen image by this prototype:
most highly activated patch by this prototype shown in the original image:
prototype activation map of the chosen image:
--------------------------------------------------------------
prototype index: 1387
prototype class identity: 138
activation value (similarity score): 3.007756233215332
last layer connection: 0.9370652437210083
most highly activated patch of the chosen image by this prototype:
most highly activated patch by this prototype shown in the original image:
prototype activation map of the chosen image:
--------------------------------------------------------------
prototype index: 1385
prototype class identity: 138
activation value (similarity score): 2.272758960723877
last layer connection: 0.9895085096359253
most highly activated patch of the chosen image by this prototype:
most highly activated patch by this prototype shown in the original image:
prototype activation map of the chosen image:
--------------------------------------------------------------
prototype index: 1388
prototype class identity: 138
activation value (similarity score): 2.1394054889678955
last layer connection: 0.9802728891372681
most highly activated patch of the chosen image by this prototype:
most highly activated patch by this prototype shown in the original image:
prototype activation map of the chosen image:
--------------------------------------------------------------
prototype index: 1381
prototype class identity: 138
activation value (similarity score): 2.0877857208251953
last layer connection: 0.9878728985786438
most highly activated patch of the chosen image by this prototype:
most highly activated patch by this prototype shown in the original image:
prototype activation map of the chosen image:
--------------------------------------------------------------
prototype index: 1389
prototype class identity: 138
activation value (similarity score): 1.898644208908081
last layer connection: 0.9858338832855225
most highly activated patch of the chosen image by this prototype:
most highly activated patch by this prototype shown in the original image:
prototype activation map of the chosen image:
--------------------------------------------------------------
prototype index: 1384
prototype class identity: 138
activation value (similarity score): 1.8798097372055054
last layer connection: 0.9984289407730103
most highly activated patch of the chosen image by this prototype:
most highly activated patch by this prototype shown in the original image:
prototype activation map of the chosen image:
--------------------------------------------------------------
prototype index: 1382
prototype class identity: 138
activation value (similarity score): 1.5092451572418213
last layer connection: 0.9373700618743896
most highly activated patch of the chosen image by this prototype:
most highly activated patch by this prototype shown in the original image:
prototype activation map of the chosen image:
--------------------------------------------------------------
prototype index: 1383
prototype class identity: 138
activation value (similarity score): 0.6321039795875549
last layer connection: 0.9774124026298523
most highly activated patch of the chosen image by this prototype:
most highly activated patch by this prototype shown in the original image:
prototype activation map of the chosen image:
--------------------------------------------------------------
prototype index: 1380
prototype class identity: 138
activation value (similarity score): 0.6321039795875549
last layer connection: 0.9774124026298523
most highly activated patch of the chosen image by this prototype:
most highly activated patch by this prototype shown in the original image:
prototype activation map of the chosen image:
--------------------------------------------------------------
***************************************************************
top 10 predicted class: 66
logit of the class: -1678.941162
prototype index: 668
prototype class identity: 66
activation value (similarity score): 3.418067455291748
last layer connection: 0.9739642143249512
most highly activated patch of the chosen image by this prototype:
most highly activated patch by this prototype shown in the original image:
prototype activation map of the chosen image:
--------------------------------------------------------------
prototype index: 665
prototype class identity: 66
activation value (similarity score): 2.914740800857544
last layer connection: 0.982974648475647
most highly activated patch of the chosen image by this prototype:
most highly activated patch by this prototype shown in the original image:
prototype activation map of the chosen image:
--------------------------------------------------------------
prototype index: 662
prototype class identity: 66
activation value (similarity score): 2.610060214996338
last layer connection: 1.013192892074585
most highly activated patch of the chosen image by this prototype:
most highly activated patch by this prototype shown in the original image:
prototype activation map of the chosen image:
--------------------------------------------------------------
prototype index: 666
prototype class identity: 66
activation value (similarity score): 2.0732779502868652
last layer connection: 1.0150564908981323
most highly activated patch of the chosen image by this prototype:
most highly activated patch by this prototype shown in the original image:
prototype activation map of the chosen image:
--------------------------------------------------------------
prototype index: 663
prototype class identity: 66
activation value (similarity score): 1.9359714984893799
last layer connection: 1.0090457201004028
most highly activated patch of the chosen image by this prototype:
most highly activated patch by this prototype shown in the original image:
prototype activation map of the chosen image:
--------------------------------------------------------------
prototype index: 667
prototype class identity: 66
activation value (similarity score): 1.8336753845214844
last layer connection: 1.0171444416046143
most highly activated patch of the chosen image by this prototype:
most highly activated patch by this prototype shown in the original image:
prototype activation map of the chosen image:
--------------------------------------------------------------
prototype index: 660
prototype class identity: 66
activation value (similarity score): 1.7199528217315674
last layer connection: 1.0010815858840942
most highly activated patch of the chosen image by this prototype:
most highly activated patch by this prototype shown in the original image:
prototype activation map of the chosen image:
--------------------------------------------------------------
prototype index: 669
prototype class identity: 66
activation value (similarity score): 1.38998281955719
last layer connection: 0.9951812028884888
most highly activated patch of the chosen image by this prototype:
most highly activated patch by this prototype shown in the original image:
prototype activation map of the chosen image:
--------------------------------------------------------------
prototype index: 664
prototype class identity: 66
activation value (similarity score): 1.3405869007110596
last layer connection: 0.9918055534362793
most highly activated patch of the chosen image by this prototype:
most highly activated patch by this prototype shown in the original image:
prototype activation map of the chosen image:
--------------------------------------------------------------
prototype index: 661
prototype class identity: 66
activation value (similarity score): 1.238527774810791
last layer connection: 1.0013939142227173
most highly activated patch of the chosen image by this prototype:
most highly activated patch by this prototype shown in the original image:
prototype activation map of the chosen image:
--------------------------------------------------------------
***************************************************************
Prediction is wrong.
