load model from ./saved_models_3/vgg19/005/50_19push0.1070.pth
model base architecture: vgg19
experiment run: 005/
Prototypes are chosen from 200 number of classes.
Their class identities are: [  0   0   0 ... 199 199 199]
All prototypes connect most strongly to their respective classes.
0 (41, 0)
Predicted: 41
Actual: 0
Most activated 10 prototypes of this image:
top 1 activated prototype for this image:
prototype index: 166
prototype class identity: 16
activation value (similarity score): 5.062193870544434
last layer connection with predicted class: -0.5042174458503723
most highly activated patch of the chosen image by this prototype:
most highly activated patch by this prototype shown in the original image:
prototype activation map of the chosen image:
--------------------------------------------------------------
top 2 activated prototype for this image:
prototype index: 419
prototype class identity: 41
activation value (similarity score): 4.966987609863281
last layer connection with predicted class: 0.9997075200080872
most highly activated patch of the chosen image by this prototype:
most highly activated patch by this prototype shown in the original image:
prototype activation map of the chosen image:
--------------------------------------------------------------
top 3 activated prototype for this image:
prototype index: 863
prototype class identity: 86
activation value (similarity score): 4.579499244689941
last layer connection with predicted class: -0.4998844861984253
most highly activated patch of the chosen image by this prototype:
most highly activated patch by this prototype shown in the original image:
prototype activation map of the chosen image:
--------------------------------------------------------------
top 4 activated prototype for this image:
prototype index: 1386
prototype class identity: 138
activation value (similarity score): 4.373353958129883
last layer connection with predicted class: -0.4920805096626282
most highly activated patch of the chosen image by this prototype:
most highly activated patch by this prototype shown in the original image:
prototype activation map of the chosen image:
--------------------------------------------------------------
top 5 activated prototype for this image:
prototype index: 413
prototype class identity: 41
activation value (similarity score): 4.3149614334106445
last layer connection with predicted class: 1.0068756341934204
most highly activated patch of the chosen image by this prototype:
most highly activated patch by this prototype shown in the original image:
prototype activation map of the chosen image:
--------------------------------------------------------------
top 6 activated prototype for this image:
prototype index: 695
prototype class identity: 69
activation value (similarity score): 4.148150444030762
last layer connection with predicted class: -0.4861208200454712
most highly activated patch of the chosen image by this prototype:
most highly activated patch by this prototype shown in the original image:
prototype activation map of the chosen image:
--------------------------------------------------------------
top 7 activated prototype for this image:
prototype index: 1387
prototype class identity: 138
activation value (similarity score): 4.131448268890381
last layer connection with predicted class: -0.4980582594871521
most highly activated patch of the chosen image by this prototype:
most highly activated patch by this prototype shown in the original image:
prototype activation map of the chosen image:
--------------------------------------------------------------
top 8 activated prototype for this image:
prototype index: 169
prototype class identity: 16
activation value (similarity score): 4.1055779457092285
last layer connection with predicted class: -0.4907680153846741
most highly activated patch of the chosen image by this prototype:
most highly activated patch by this prototype shown in the original image:
prototype activation map of the chosen image:
--------------------------------------------------------------
top 9 activated prototype for this image:
prototype index: 1541
prototype class identity: 154
activation value (similarity score): 4.0046706199646
last layer connection with predicted class: -0.4980222284793854
most highly activated patch of the chosen image by this prototype:
most highly activated patch by this prototype shown in the original image:
prototype activation map of the chosen image:
--------------------------------------------------------------
top 10 activated prototype for this image:
prototype index: 1689
prototype class identity: 168
activation value (similarity score): 3.9710729122161865
last layer connection with predicted class: -0.5014252066612244
most highly activated patch of the chosen image by this prototype:
most highly activated patch by this prototype shown in the original image:
prototype activation map of the chosen image:
--------------------------------------------------------------
Prototypes from top-10 classes:
top 1 predicted class: 41
logit of the class: -1432.901367
prototype index: 419
prototype class identity: 41
activation value (similarity score): 4.966987609863281
last layer connection: 0.9997075200080872
most highly activated patch of the chosen image by this prototype:
most highly activated patch by this prototype shown in the original image:
prototype activation map of the chosen image:
--------------------------------------------------------------
prototype index: 413
prototype class identity: 41
activation value (similarity score): 4.3149614334106445
last layer connection: 1.0068756341934204
most highly activated patch of the chosen image by this prototype:
most highly activated patch by this prototype shown in the original image:
prototype activation map of the chosen image:
--------------------------------------------------------------
prototype index: 414
prototype class identity: 41
activation value (similarity score): 3.1996824741363525
last layer connection: 0.9987866878509521
most highly activated patch of the chosen image by this prototype:
most highly activated patch by this prototype shown in the original image:
prototype activation map of the chosen image:
--------------------------------------------------------------
prototype index: 410
prototype class identity: 41
activation value (similarity score): 3.188601016998291
last layer connection: 0.9799123406410217
most highly activated patch of the chosen image by this prototype:
most highly activated patch by this prototype shown in the original image:
prototype activation map of the chosen image:
--------------------------------------------------------------
prototype index: 415
prototype class identity: 41
activation value (similarity score): 2.608769416809082
last layer connection: 0.9611160159111023
most highly activated patch of the chosen image by this prototype:
most highly activated patch by this prototype shown in the original image:
prototype activation map of the chosen image:
--------------------------------------------------------------
prototype index: 418
prototype class identity: 41
activation value (similarity score): 2.343839168548584
last layer connection: 0.9930742979049683
most highly activated patch of the chosen image by this prototype:
most highly activated patch by this prototype shown in the original image:
prototype activation map of the chosen image:
--------------------------------------------------------------
prototype index: 416
prototype class identity: 41
activation value (similarity score): 2.1526072025299072
last layer connection: 1.0137979984283447
most highly activated patch of the chosen image by this prototype:
most highly activated patch by this prototype shown in the original image:
prototype activation map of the chosen image:
--------------------------------------------------------------
prototype index: 417
prototype class identity: 41
activation value (similarity score): 2.127140760421753
last layer connection: 1.0046863555908203
most highly activated patch of the chosen image by this prototype:
most highly activated patch by this prototype shown in the original image:
prototype activation map of the chosen image:
--------------------------------------------------------------
prototype index: 412
prototype class identity: 41
activation value (similarity score): 1.6265791654586792
last layer connection: 0.9892604947090149
most highly activated patch of the chosen image by this prototype:
most highly activated patch by this prototype shown in the original image:
prototype activation map of the chosen image:
--------------------------------------------------------------
prototype index: 411
prototype class identity: 41
activation value (similarity score): 1.0487784147262573
last layer connection: 0.980800211429596
most highly activated patch of the chosen image by this prototype:
most highly activated patch by this prototype shown in the original image:
prototype activation map of the chosen image:
--------------------------------------------------------------
***************************************************************
top 2 predicted class: 16
logit of the class: -1434.592163
prototype index: 166
prototype class identity: 16
activation value (similarity score): 5.062193870544434
last layer connection: 0.9823682904243469
most highly activated patch of the chosen image by this prototype:
most highly activated patch by this prototype shown in the original image:
prototype activation map of the chosen image:
--------------------------------------------------------------
prototype index: 169
prototype class identity: 16
activation value (similarity score): 4.1055779457092285
last layer connection: 1.0029735565185547
most highly activated patch of the chosen image by this prototype:
most highly activated patch by this prototype shown in the original image:
prototype activation map of the chosen image:
--------------------------------------------------------------
prototype index: 160
prototype class identity: 16
activation value (similarity score): 2.8360989093780518
last layer connection: 0.8724645376205444
most highly activated patch of the chosen image by this prototype:
most highly activated patch by this prototype shown in the original image:
prototype activation map of the chosen image:
--------------------------------------------------------------
prototype index: 163
prototype class identity: 16
activation value (similarity score): 2.284976005554199
last layer connection: 0.9749512076377869
most highly activated patch of the chosen image by this prototype:
most highly activated patch by this prototype shown in the original image:
prototype activation map of the chosen image:
--------------------------------------------------------------
prototype index: 168
prototype class identity: 16
activation value (similarity score): 2.1495862007141113
last layer connection: 0.9915708899497986
most highly activated patch of the chosen image by this prototype:
most highly activated patch by this prototype shown in the original image:
prototype activation map of the chosen image:
--------------------------------------------------------------
prototype index: 165
prototype class identity: 16
activation value (similarity score): 2.1495862007141113
last layer connection: 0.9915708899497986
most highly activated patch of the chosen image by this prototype:
most highly activated patch by this prototype shown in the original image:
prototype activation map of the chosen image:
--------------------------------------------------------------
prototype index: 164
prototype class identity: 16
activation value (similarity score): 1.9632989168167114
last layer connection: 0.9931632280349731
most highly activated patch of the chosen image by this prototype:
most highly activated patch by this prototype shown in the original image:
prototype activation map of the chosen image:
--------------------------------------------------------------
prototype index: 167
prototype class identity: 16
activation value (similarity score): 1.4966546297073364
last layer connection: 1.018945574760437
most highly activated patch of the chosen image by this prototype:
most highly activated patch by this prototype shown in the original image:
prototype activation map of the chosen image:
--------------------------------------------------------------
prototype index: 162
prototype class identity: 16
activation value (similarity score): 1.0510307550430298
last layer connection: 0.9839159846305847
most highly activated patch of the chosen image by this prototype:
most highly activated patch by this prototype shown in the original image:
prototype activation map of the chosen image:
--------------------------------------------------------------
prototype index: 161
prototype class identity: 16
activation value (similarity score): 0.9208157062530518
last layer connection: 0.9776753187179565
most highly activated patch of the chosen image by this prototype:
most highly activated patch by this prototype shown in the original image:
prototype activation map of the chosen image:
--------------------------------------------------------------
***************************************************************
top 3 predicted class: 55
logit of the class: -1438.052979
prototype index: 554
prototype class identity: 55
activation value (similarity score): 3.8817508220672607
last layer connection: 0.9858274459838867
most highly activated patch of the chosen image by this prototype:
most highly activated patch by this prototype shown in the original image:
prototype activation map of the chosen image:
--------------------------------------------------------------
prototype index: 559
prototype class identity: 55
activation value (similarity score): 3.237105369567871
last layer connection: 0.9732707142829895
most highly activated patch of the chosen image by this prototype:
most highly activated patch by this prototype shown in the original image:
prototype activation map of the chosen image:
--------------------------------------------------------------
prototype index: 557
prototype class identity: 55
activation value (similarity score): 2.6448190212249756
last layer connection: 1.005157709121704
most highly activated patch of the chosen image by this prototype:
most highly activated patch by this prototype shown in the original image:
prototype activation map of the chosen image:
--------------------------------------------------------------
prototype index: 555
prototype class identity: 55
activation value (similarity score): 2.134702205657959
last layer connection: 0.9793544411659241
most highly activated patch of the chosen image by this prototype:
most highly activated patch by this prototype shown in the original image:
prototype activation map of the chosen image:
--------------------------------------------------------------
prototype index: 553
prototype class identity: 55
activation value (similarity score): 2.1254165172576904
last layer connection: 1.0262576341629028
most highly activated patch of the chosen image by this prototype:
most highly activated patch by this prototype shown in the original image:
prototype activation map of the chosen image:
--------------------------------------------------------------
prototype index: 551
prototype class identity: 55
activation value (similarity score): 1.7695575952529907
last layer connection: 1.006880521774292
most highly activated patch of the chosen image by this prototype:
most highly activated patch by this prototype shown in the original image:
prototype activation map of the chosen image:
--------------------------------------------------------------
prototype index: 556
prototype class identity: 55
activation value (similarity score): 1.7272629737854004
last layer connection: 0.9401379227638245
most highly activated patch of the chosen image by this prototype:
most highly activated patch by this prototype shown in the original image:
prototype activation map of the chosen image:
--------------------------------------------------------------
prototype index: 552
prototype class identity: 55
activation value (similarity score): 1.6608920097351074
last layer connection: 0.964134156703949
most highly activated patch of the chosen image by this prototype:
most highly activated patch by this prototype shown in the original image:
prototype activation map of the chosen image:
--------------------------------------------------------------
prototype index: 550
prototype class identity: 55
activation value (similarity score): 1.4465150833129883
last layer connection: 0.9784461259841919
most highly activated patch of the chosen image by this prototype:
most highly activated patch by this prototype shown in the original image:
prototype activation map of the chosen image:
--------------------------------------------------------------
prototype index: 558
prototype class identity: 55
activation value (similarity score): 1.304657220840454
last layer connection: 1.0177351236343384
most highly activated patch of the chosen image by this prototype:
most highly activated patch by this prototype shown in the original image:
prototype activation map of the chosen image:
--------------------------------------------------------------
***************************************************************
top 4 predicted class: 138
logit of the class: -1438.261475
prototype index: 1386
prototype class identity: 138
activation value (similarity score): 4.373353958129883
last layer connection: 0.9704064130783081
most highly activated patch of the chosen image by this prototype:
most highly activated patch by this prototype shown in the original image:
prototype activation map of the chosen image:
--------------------------------------------------------------
prototype index: 1387
prototype class identity: 138
activation value (similarity score): 4.131448268890381
last layer connection: 0.9370652437210083
most highly activated patch of the chosen image by this prototype:
most highly activated patch by this prototype shown in the original image:
prototype activation map of the chosen image:
--------------------------------------------------------------
prototype index: 1382
prototype class identity: 138
activation value (similarity score): 3.4165444374084473
last layer connection: 0.9373700618743896
most highly activated patch of the chosen image by this prototype:
most highly activated patch by this prototype shown in the original image:
prototype activation map of the chosen image:
--------------------------------------------------------------
prototype index: 1384
prototype class identity: 138
activation value (similarity score): 3.072314739227295
last layer connection: 0.9984289407730103
most highly activated patch of the chosen image by this prototype:
most highly activated patch by this prototype shown in the original image:
prototype activation map of the chosen image:
--------------------------------------------------------------
prototype index: 1385
prototype class identity: 138
activation value (similarity score): 2.836848497390747
last layer connection: 0.9895085096359253
most highly activated patch of the chosen image by this prototype:
most highly activated patch by this prototype shown in the original image:
prototype activation map of the chosen image:
--------------------------------------------------------------
prototype index: 1389
prototype class identity: 138
activation value (similarity score): 1.5934821367263794
last layer connection: 0.9858338832855225
most highly activated patch of the chosen image by this prototype:
most highly activated patch by this prototype shown in the original image:
prototype activation map of the chosen image:
--------------------------------------------------------------
prototype index: 1381
prototype class identity: 138
activation value (similarity score): 1.1541361808776855
last layer connection: 0.9878728985786438
most highly activated patch of the chosen image by this prototype:
most highly activated patch by this prototype shown in the original image:
prototype activation map of the chosen image:
--------------------------------------------------------------
prototype index: 1388
prototype class identity: 138
activation value (similarity score): 0.7198486924171448
last layer connection: 0.9802728891372681
most highly activated patch of the chosen image by this prototype:
most highly activated patch by this prototype shown in the original image:
prototype activation map of the chosen image:
--------------------------------------------------------------
prototype index: 1383
prototype class identity: 138
activation value (similarity score): 0.5903865694999695
last layer connection: 0.9774124026298523
most highly activated patch of the chosen image by this prototype:
most highly activated patch by this prototype shown in the original image:
prototype activation map of the chosen image:
--------------------------------------------------------------
prototype index: 1380
prototype class identity: 138
activation value (similarity score): 0.5903865694999695
last layer connection: 0.9774124026298523
most highly activated patch of the chosen image by this prototype:
most highly activated patch by this prototype shown in the original image:
prototype activation map of the chosen image:
--------------------------------------------------------------
***************************************************************
top 5 predicted class: 82
logit of the class: -1439.623291
prototype index: 824
prototype class identity: 82
activation value (similarity score): 3.4378764629364014
last layer connection: 0.9897812604904175
most highly activated patch of the chosen image by this prototype:
most highly activated patch by this prototype shown in the original image:
prototype activation map of the chosen image:
--------------------------------------------------------------
prototype index: 822
prototype class identity: 82
activation value (similarity score): 3.1443865299224854
last layer connection: 0.9934511184692383
most highly activated patch of the chosen image by this prototype:
most highly activated patch by this prototype shown in the original image:
prototype activation map of the chosen image:
--------------------------------------------------------------
prototype index: 829
prototype class identity: 82
activation value (similarity score): 2.1984329223632812
last layer connection: 1.0000183582305908
most highly activated patch of the chosen image by this prototype:
most highly activated patch by this prototype shown in the original image:
prototype activation map of the chosen image:
--------------------------------------------------------------
prototype index: 825
prototype class identity: 82
activation value (similarity score): 2.16726016998291
last layer connection: 1.0063903331756592
most highly activated patch of the chosen image by this prototype:
most highly activated patch by this prototype shown in the original image:
prototype activation map of the chosen image:
--------------------------------------------------------------
prototype index: 821
prototype class identity: 82
activation value (similarity score): 2.0257816314697266
last layer connection: 0.9668253064155579
most highly activated patch of the chosen image by this prototype:
most highly activated patch by this prototype shown in the original image:
prototype activation map of the chosen image:
--------------------------------------------------------------
prototype index: 826
prototype class identity: 82
activation value (similarity score): 1.6069062948226929
last layer connection: 0.9723631143569946
most highly activated patch of the chosen image by this prototype:
most highly activated patch by this prototype shown in the original image:
prototype activation map of the chosen image:
--------------------------------------------------------------
prototype index: 823
prototype class identity: 82
activation value (similarity score): 1.5499273538589478
last layer connection: 0.9905073046684265
most highly activated patch of the chosen image by this prototype:
most highly activated patch by this prototype shown in the original image:
prototype activation map of the chosen image:
--------------------------------------------------------------
prototype index: 828
prototype class identity: 82
activation value (similarity score): 1.4662598371505737
last layer connection: 0.9959925413131714
most highly activated patch of the chosen image by this prototype:
most highly activated patch by this prototype shown in the original image:
prototype activation map of the chosen image:
--------------------------------------------------------------
prototype index: 827
prototype class identity: 82
activation value (similarity score): 1.3337373733520508
last layer connection: 0.999702513217926
most highly activated patch of the chosen image by this prototype:
most highly activated patch by this prototype shown in the original image:
prototype activation map of the chosen image:
--------------------------------------------------------------
prototype index: 820
prototype class identity: 82
activation value (similarity score): 1.3176606893539429
last layer connection: 1.0000687837600708
most highly activated patch of the chosen image by this prototype:
most highly activated patch by this prototype shown in the original image:
prototype activation map of the chosen image:
--------------------------------------------------------------
***************************************************************
top 6 predicted class: 184
logit of the class: -1439.979004
prototype index: 1844
prototype class identity: 184
activation value (similarity score): 3.0011510848999023
last layer connection: 1.0447765588760376
most highly activated patch of the chosen image by this prototype:
most highly activated patch by this prototype shown in the original image:
prototype activation map of the chosen image:
--------------------------------------------------------------
prototype index: 1846
prototype class identity: 184
activation value (similarity score): 2.958726406097412
last layer connection: 0.9840266704559326
most highly activated patch of the chosen image by this prototype:
most highly activated patch by this prototype shown in the original image:
prototype activation map of the chosen image:
--------------------------------------------------------------
prototype index: 1841
prototype class identity: 184
activation value (similarity score): 2.2757139205932617
last layer connection: 0.9890357255935669
most highly activated patch of the chosen image by this prototype:
most highly activated patch by this prototype shown in the original image:
prototype activation map of the chosen image:
--------------------------------------------------------------
prototype index: 1842
prototype class identity: 184
activation value (similarity score): 2.208522081375122
last layer connection: 1.0046077966690063
most highly activated patch of the chosen image by this prototype:
most highly activated patch by this prototype shown in the original image:
prototype activation map of the chosen image:
--------------------------------------------------------------
prototype index: 1840
prototype class identity: 184
activation value (similarity score): 2.112037181854248
last layer connection: 0.9979984760284424
most highly activated patch of the chosen image by this prototype:
most highly activated patch by this prototype shown in the original image:
prototype activation map of the chosen image:
--------------------------------------------------------------
prototype index: 1848
prototype class identity: 184
activation value (similarity score): 2.0774736404418945
last layer connection: 0.9792885184288025
most highly activated patch of the chosen image by this prototype:
most highly activated patch by this prototype shown in the original image:
prototype activation map of the chosen image:
--------------------------------------------------------------
prototype index: 1845
prototype class identity: 184
activation value (similarity score): 1.970339298248291
last layer connection: 1.0088063478469849
most highly activated patch of the chosen image by this prototype:
most highly activated patch by this prototype shown in the original image:
prototype activation map of the chosen image:
--------------------------------------------------------------
prototype index: 1847
prototype class identity: 184
activation value (similarity score): 1.8654216527938843
last layer connection: 0.9978179335594177
most highly activated patch of the chosen image by this prototype:
most highly activated patch by this prototype shown in the original image:
prototype activation map of the chosen image:
--------------------------------------------------------------
prototype index: 1843
prototype class identity: 184
activation value (similarity score): 1.5587871074676514
last layer connection: 0.9738309979438782
most highly activated patch of the chosen image by this prototype:
most highly activated patch by this prototype shown in the original image:
prototype activation map of the chosen image:
--------------------------------------------------------------
prototype index: 1849
prototype class identity: 184
activation value (similarity score): 1.3548320531845093
last layer connection: 0.9925503134727478
most highly activated patch of the chosen image by this prototype:
most highly activated patch by this prototype shown in the original image:
prototype activation map of the chosen image:
--------------------------------------------------------------
***************************************************************
top 7 predicted class: 56
logit of the class: -1440.051147
prototype index: 561
prototype class identity: 56
activation value (similarity score): 2.8522093296051025
last layer connection: 1.0325990915298462
most highly activated patch of the chosen image by this prototype:
most highly activated patch by this prototype shown in the original image:
prototype activation map of the chosen image:
--------------------------------------------------------------
prototype index: 563
prototype class identity: 56
activation value (similarity score): 2.3718299865722656
last layer connection: 1.0017263889312744
most highly activated patch of the chosen image by this prototype:
most highly activated patch by this prototype shown in the original image:
prototype activation map of the chosen image:
--------------------------------------------------------------
prototype index: 564
prototype class identity: 56
activation value (similarity score): 2.1482841968536377
last layer connection: 1.0068684816360474
most highly activated patch of the chosen image by this prototype:
most highly activated patch by this prototype shown in the original image:
prototype activation map of the chosen image:
--------------------------------------------------------------
prototype index: 566
prototype class identity: 56
activation value (similarity score): 1.7669739723205566
last layer connection: 0.9949492812156677
most highly activated patch of the chosen image by this prototype:
most highly activated patch by this prototype shown in the original image:
prototype activation map of the chosen image:
--------------------------------------------------------------
prototype index: 568
prototype class identity: 56
activation value (similarity score): 1.7076219320297241
last layer connection: 1.0340549945831299
most highly activated patch of the chosen image by this prototype:
most highly activated patch by this prototype shown in the original image:
prototype activation map of the chosen image:
--------------------------------------------------------------
prototype index: 560
prototype class identity: 56
activation value (similarity score): 1.4231336116790771
last layer connection: 0.9573878645896912
most highly activated patch of the chosen image by this prototype:
most highly activated patch by this prototype shown in the original image:
prototype activation map of the chosen image:
--------------------------------------------------------------
prototype index: 567
prototype class identity: 56
activation value (similarity score): 1.3079191446304321
last layer connection: 0.9893319606781006
most highly activated patch of the chosen image by this prototype:
most highly activated patch by this prototype shown in the original image:
prototype activation map of the chosen image:
--------------------------------------------------------------
prototype index: 569
prototype class identity: 56
activation value (similarity score): 0.9782037734985352
last layer connection: 1.036440372467041
most highly activated patch of the chosen image by this prototype:
most highly activated patch by this prototype shown in the original image:
prototype activation map of the chosen image:
--------------------------------------------------------------
prototype index: 565
prototype class identity: 56
activation value (similarity score): 0.7887477278709412
last layer connection: 0.9893665313720703
most highly activated patch of the chosen image by this prototype:
most highly activated patch by this prototype shown in the original image:
prototype activation map of the chosen image:
--------------------------------------------------------------
prototype index: 562
prototype class identity: 56
activation value (similarity score): 0.6260389089584351
last layer connection: 0.9836980104446411
most highly activated patch of the chosen image by this prototype:
most highly activated patch by this prototype shown in the original image:
prototype activation map of the chosen image:
--------------------------------------------------------------
***************************************************************
top 8 predicted class: 34
logit of the class: -1440.726807
prototype index: 346
prototype class identity: 34
activation value (similarity score): 3.8311007022857666
last layer connection: 1.021398663520813
most highly activated patch of the chosen image by this prototype:
most highly activated patch by this prototype shown in the original image:
prototype activation map of the chosen image:
--------------------------------------------------------------
prototype index: 347
prototype class identity: 34
activation value (similarity score): 2.9254415035247803
last layer connection: 1.0384533405303955
most highly activated patch of the chosen image by this prototype:
most highly activated patch by this prototype shown in the original image:
prototype activation map of the chosen image:
--------------------------------------------------------------
prototype index: 341
prototype class identity: 34
activation value (similarity score): 2.2827863693237305
last layer connection: 0.9941987991333008
most highly activated patch of the chosen image by this prototype:
most highly activated patch by this prototype shown in the original image:
prototype activation map of the chosen image:
--------------------------------------------------------------
prototype index: 344
prototype class identity: 34
activation value (similarity score): 2.203885555267334
last layer connection: 0.9889633655548096
most highly activated patch of the chosen image by this prototype:
most highly activated patch by this prototype shown in the original image:
prototype activation map of the chosen image:
--------------------------------------------------------------
prototype index: 340
prototype class identity: 34
activation value (similarity score): 1.9529093503952026
last layer connection: 1.0004475116729736
most highly activated patch of the chosen image by this prototype:
most highly activated patch by this prototype shown in the original image:
prototype activation map of the chosen image:
--------------------------------------------------------------
prototype index: 345
prototype class identity: 34
activation value (similarity score): 1.9184812307357788
last layer connection: 0.9655126333236694
most highly activated patch of the chosen image by this prototype:
most highly activated patch by this prototype shown in the original image:
prototype activation map of the chosen image:
--------------------------------------------------------------
prototype index: 349
prototype class identity: 34
activation value (similarity score): 1.7033333778381348
last layer connection: 0.9636422395706177
most highly activated patch of the chosen image by this prototype:
most highly activated patch by this prototype shown in the original image:
prototype activation map of the chosen image:
--------------------------------------------------------------
prototype index: 343
prototype class identity: 34
activation value (similarity score): 1.5598394870758057
last layer connection: 0.9974868297576904
most highly activated patch of the chosen image by this prototype:
most highly activated patch by this prototype shown in the original image:
prototype activation map of the chosen image:
--------------------------------------------------------------
prototype index: 342
prototype class identity: 34
activation value (similarity score): 1.1371972560882568
last layer connection: 1.0305989980697632
most highly activated patch of the chosen image by this prototype:
most highly activated patch by this prototype shown in the original image:
prototype activation map of the chosen image:
--------------------------------------------------------------
prototype index: 348
prototype class identity: 34
activation value (similarity score): 1.1350855827331543
last layer connection: 0.9871791005134583
most highly activated patch of the chosen image by this prototype:
most highly activated patch by this prototype shown in the original image:
prototype activation map of the chosen image:
--------------------------------------------------------------
***************************************************************
top 9 predicted class: 43
logit of the class: -1441.299316
prototype index: 438
prototype class identity: 43
activation value (similarity score): 3.251744031906128
last layer connection: 1.0443600416183472
most highly activated patch of the chosen image by this prototype:
most highly activated patch by this prototype shown in the original image:
prototype activation map of the chosen image:
--------------------------------------------------------------
prototype index: 430
prototype class identity: 43
activation value (similarity score): 2.3701844215393066
last layer connection: 0.9973177909851074
most highly activated patch of the chosen image by this prototype:
most highly activated patch by this prototype shown in the original image:
prototype activation map of the chosen image:
--------------------------------------------------------------
prototype index: 435
prototype class identity: 43
activation value (similarity score): 1.7985047101974487
last layer connection: 0.9885450005531311
most highly activated patch of the chosen image by this prototype:
most highly activated patch by this prototype shown in the original image:
prototype activation map of the chosen image:
--------------------------------------------------------------
prototype index: 439
prototype class identity: 43
activation value (similarity score): 1.7211525440216064
last layer connection: 0.993132472038269
most highly activated patch of the chosen image by this prototype:
most highly activated patch by this prototype shown in the original image:
prototype activation map of the chosen image:
--------------------------------------------------------------
prototype index: 431
prototype class identity: 43
activation value (similarity score): 1.3600125312805176
last layer connection: 0.9592426419258118
most highly activated patch of the chosen image by this prototype:
most highly activated patch by this prototype shown in the original image:
prototype activation map of the chosen image:
--------------------------------------------------------------
prototype index: 432
prototype class identity: 43
activation value (similarity score): 1.3380415439605713
last layer connection: 0.9953638911247253
most highly activated patch of the chosen image by this prototype:
most highly activated patch by this prototype shown in the original image:
prototype activation map of the chosen image:
--------------------------------------------------------------
prototype index: 434
prototype class identity: 43
activation value (similarity score): 1.161616563796997
last layer connection: 0.9918741583824158
most highly activated patch of the chosen image by this prototype:
most highly activated patch by this prototype shown in the original image:
prototype activation map of the chosen image:
--------------------------------------------------------------
prototype index: 437
prototype class identity: 43
activation value (similarity score): 0.8972556591033936
last layer connection: 0.9365751147270203
most highly activated patch of the chosen image by this prototype:
most highly activated patch by this prototype shown in the original image:
prototype activation map of the chosen image:
--------------------------------------------------------------
prototype index: 436
prototype class identity: 43
activation value (similarity score): 0.8972556591033936
last layer connection: 0.9365751147270203
most highly activated patch of the chosen image by this prototype:
most highly activated patch by this prototype shown in the original image:
prototype activation map of the chosen image:
--------------------------------------------------------------
prototype index: 433
prototype class identity: 43
activation value (similarity score): 0.7983418107032776
last layer connection: 0.9949081540107727
most highly activated patch of the chosen image by this prototype:
most highly activated patch by this prototype shown in the original image:
prototype activation map of the chosen image:
--------------------------------------------------------------
***************************************************************
top 10 predicted class: 187
logit of the class: -1441.301025
prototype index: 1870
prototype class identity: 187
activation value (similarity score): 2.6972734928131104
last layer connection: 1.0284006595611572
most highly activated patch of the chosen image by this prototype:
most highly activated patch by this prototype shown in the original image:
prototype activation map of the chosen image:
--------------------------------------------------------------
prototype index: 1871
prototype class identity: 187
activation value (similarity score): 1.8991507291793823
last layer connection: 1.0116709470748901
most highly activated patch of the chosen image by this prototype:
most highly activated patch by this prototype shown in the original image:
prototype activation map of the chosen image:
--------------------------------------------------------------
prototype index: 1875
prototype class identity: 187
activation value (similarity score): 1.5762075185775757
last layer connection: 0.9713611006736755
most highly activated patch of the chosen image by this prototype:
most highly activated patch by this prototype shown in the original image:
prototype activation map of the chosen image:
--------------------------------------------------------------
prototype index: 1873
prototype class identity: 187
activation value (similarity score): 1.5157644748687744
last layer connection: 0.9766045808792114
most highly activated patch of the chosen image by this prototype:
most highly activated patch by this prototype shown in the original image:
prototype activation map of the chosen image:
--------------------------------------------------------------
prototype index: 1877
prototype class identity: 187
activation value (similarity score): 1.4574702978134155
last layer connection: 0.9880488514900208
most highly activated patch of the chosen image by this prototype:
most highly activated patch by this prototype shown in the original image:
prototype activation map of the chosen image:
--------------------------------------------------------------
prototype index: 1872
prototype class identity: 187
activation value (similarity score): 1.4420024156570435
last layer connection: 1.0015119314193726
most highly activated patch of the chosen image by this prototype:
most highly activated patch by this prototype shown in the original image:
prototype activation map of the chosen image:
--------------------------------------------------------------
prototype index: 1878
prototype class identity: 187
activation value (similarity score): 1.3768866062164307
last layer connection: 1.0019937753677368
most highly activated patch of the chosen image by this prototype:
most highly activated patch by this prototype shown in the original image:
prototype activation map of the chosen image:
--------------------------------------------------------------
prototype index: 1874
prototype class identity: 187
activation value (similarity score): 1.2875076532363892
last layer connection: 0.9818392395973206
most highly activated patch of the chosen image by this prototype:
most highly activated patch by this prototype shown in the original image:
prototype activation map of the chosen image:
--------------------------------------------------------------
prototype index: 1879
prototype class identity: 187
activation value (similarity score): 0.9117804169654846
last layer connection: 0.9854409098625183
most highly activated patch of the chosen image by this prototype:
most highly activated patch by this prototype shown in the original image:
prototype activation map of the chosen image:
--------------------------------------------------------------
prototype index: 1876
prototype class identity: 187
activation value (similarity score): 0.7460500001907349
last layer connection: 0.9930212497711182
most highly activated patch of the chosen image by this prototype:
most highly activated patch by this prototype shown in the original image:
prototype activation map of the chosen image:
--------------------------------------------------------------
***************************************************************
Prediction is wrong.
