load model from ./saved_models_3/vgg19/005/50_19push0.1070.pth
model base architecture: vgg19
experiment run: 005/
Prototypes are chosen from 200 number of classes.
Their class identities are: [  0   0   0 ... 199 199 199]
All prototypes connect most strongly to their respective classes.
0 (74, 0)
Predicted: 74
Actual: 0
Most activated 10 prototypes of this image:
top 1 activated prototype for this image:
prototype index: 532
prototype class identity: 53
activation value (similarity score): 4.329798698425293
last layer connection with predicted class: -0.5127285122871399
most highly activated patch of the chosen image by this prototype:
most highly activated patch by this prototype shown in the original image:
prototype activation map of the chosen image:
--------------------------------------------------------------
top 2 activated prototype for this image:
prototype index: 531
prototype class identity: 53
activation value (similarity score): 4.3030877113342285
last layer connection with predicted class: -0.5255143642425537
most highly activated patch of the chosen image by this prototype:
most highly activated patch by this prototype shown in the original image:
prototype activation map of the chosen image:
--------------------------------------------------------------
top 3 activated prototype for this image:
prototype index: 758
prototype class identity: 75
activation value (similarity score): 4.287972927093506
last layer connection with predicted class: -0.504297137260437
most highly activated patch of the chosen image by this prototype:
most highly activated patch by this prototype shown in the original image:
prototype activation map of the chosen image:
--------------------------------------------------------------
top 4 activated prototype for this image:
prototype index: 1359
prototype class identity: 135
activation value (similarity score): 4.196115493774414
last layer connection with predicted class: -0.5221882462501526
most highly activated patch of the chosen image by this prototype:
most highly activated patch by this prototype shown in the original image:
prototype activation map of the chosen image:
--------------------------------------------------------------
top 5 activated prototype for this image:
prototype index: 936
prototype class identity: 93
activation value (similarity score): 4.177487850189209
last layer connection with predicted class: -0.48794206976890564
most highly activated patch of the chosen image by this prototype:
most highly activated patch by this prototype shown in the original image:
prototype activation map of the chosen image:
--------------------------------------------------------------
top 6 activated prototype for this image:
prototype index: 1015
prototype class identity: 101
activation value (similarity score): 4.177125930786133
last layer connection with predicted class: -0.4837219715118408
most highly activated patch of the chosen image by this prototype:
most highly activated patch by this prototype shown in the original image:
prototype activation map of the chosen image:
--------------------------------------------------------------
top 7 activated prototype for this image:
prototype index: 797
prototype class identity: 79
activation value (similarity score): 4.105802059173584
last layer connection with predicted class: -0.5504167675971985
most highly activated patch of the chosen image by this prototype:
most highly activated patch by this prototype shown in the original image:
prototype activation map of the chosen image:
--------------------------------------------------------------
top 8 activated prototype for this image:
prototype index: 380
prototype class identity: 38
activation value (similarity score): 4.0604095458984375
last layer connection with predicted class: -0.4920192360877991
most highly activated patch of the chosen image by this prototype:
most highly activated patch by this prototype shown in the original image:
prototype activation map of the chosen image:
--------------------------------------------------------------
top 9 activated prototype for this image:
prototype index: 1180
prototype class identity: 118
activation value (similarity score): 3.9314777851104736
last layer connection with predicted class: -0.49518564343452454
most highly activated patch of the chosen image by this prototype:
most highly activated patch by this prototype shown in the original image:
prototype activation map of the chosen image:
--------------------------------------------------------------
top 10 activated prototype for this image:
prototype index: 1341
prototype class identity: 134
activation value (similarity score): 3.8828165531158447
last layer connection with predicted class: -0.4886672794818878
most highly activated patch of the chosen image by this prototype:
most highly activated patch by this prototype shown in the original image:
prototype activation map of the chosen image:
--------------------------------------------------------------
Prototypes from top-10 classes:
top 1 predicted class: 74
logit of the class: -1611.617554
prototype index: 745
prototype class identity: 74
activation value (similarity score): 3.8713340759277344
last layer connection: 1.0206853151321411
most highly activated patch of the chosen image by this prototype:
most highly activated patch by this prototype shown in the original image:
prototype activation map of the chosen image:
--------------------------------------------------------------
prototype index: 740
prototype class identity: 74
activation value (similarity score): 3.3755972385406494
last layer connection: 0.9396615624427795
most highly activated patch of the chosen image by this prototype:
most highly activated patch by this prototype shown in the original image:
prototype activation map of the chosen image:
--------------------------------------------------------------
prototype index: 747
prototype class identity: 74
activation value (similarity score): 2.7913658618927
last layer connection: 0.9702315330505371
most highly activated patch of the chosen image by this prototype:
most highly activated patch by this prototype shown in the original image:
prototype activation map of the chosen image:
--------------------------------------------------------------
prototype index: 741
prototype class identity: 74
activation value (similarity score): 2.4396588802337646
last layer connection: 1.0003328323364258
most highly activated patch of the chosen image by this prototype:
most highly activated patch by this prototype shown in the original image:
prototype activation map of the chosen image:
--------------------------------------------------------------
prototype index: 742
prototype class identity: 74
activation value (similarity score): 2.1669726371765137
last layer connection: 0.9438924193382263
most highly activated patch of the chosen image by this prototype:
most highly activated patch by this prototype shown in the original image:
prototype activation map of the chosen image:
--------------------------------------------------------------
prototype index: 743
prototype class identity: 74
activation value (similarity score): 2.160262107849121
last layer connection: 0.969763994216919
most highly activated patch of the chosen image by this prototype:
most highly activated patch by this prototype shown in the original image:
prototype activation map of the chosen image:
--------------------------------------------------------------
prototype index: 748
prototype class identity: 74
activation value (similarity score): 1.922977328300476
last layer connection: 0.9700897932052612
most highly activated patch of the chosen image by this prototype:
most highly activated patch by this prototype shown in the original image:
prototype activation map of the chosen image:
--------------------------------------------------------------
prototype index: 746
prototype class identity: 74
activation value (similarity score): 1.7159156799316406
last layer connection: 0.955173909664154
most highly activated patch of the chosen image by this prototype:
most highly activated patch by this prototype shown in the original image:
prototype activation map of the chosen image:
--------------------------------------------------------------
prototype index: 749
prototype class identity: 74
activation value (similarity score): 1.5656689405441284
last layer connection: 0.9807326793670654
most highly activated patch of the chosen image by this prototype:
most highly activated patch by this prototype shown in the original image:
prototype activation map of the chosen image:
--------------------------------------------------------------
prototype index: 744
prototype class identity: 74
activation value (similarity score): 1.5306057929992676
last layer connection: 0.9622227549552917
most highly activated patch of the chosen image by this prototype:
most highly activated patch by this prototype shown in the original image:
prototype activation map of the chosen image:
--------------------------------------------------------------
***************************************************************
top 2 predicted class: 53
logit of the class: -1612.420410
prototype index: 532
prototype class identity: 53
activation value (similarity score): 4.329798698425293
last layer connection: 1.006875991821289
most highly activated patch of the chosen image by this prototype:
most highly activated patch by this prototype shown in the original image:
prototype activation map of the chosen image:
--------------------------------------------------------------
prototype index: 531
prototype class identity: 53
activation value (similarity score): 4.3030877113342285
last layer connection: 0.9803768992424011
most highly activated patch of the chosen image by this prototype:
most highly activated patch by this prototype shown in the original image:
prototype activation map of the chosen image:
--------------------------------------------------------------
prototype index: 533
prototype class identity: 53
activation value (similarity score): 2.56488299369812
last layer connection: 0.9989414811134338
most highly activated patch of the chosen image by this prototype:
most highly activated patch by this prototype shown in the original image:
prototype activation map of the chosen image:
--------------------------------------------------------------
prototype index: 539
prototype class identity: 53
activation value (similarity score): 2.3712081909179688
last layer connection: 0.9734517335891724
most highly activated patch of the chosen image by this prototype:
most highly activated patch by this prototype shown in the original image:
prototype activation map of the chosen image:
--------------------------------------------------------------
prototype index: 530
prototype class identity: 53
activation value (similarity score): 2.320769786834717
last layer connection: 0.986985445022583
most highly activated patch of the chosen image by this prototype:
most highly activated patch by this prototype shown in the original image:
prototype activation map of the chosen image:
--------------------------------------------------------------
prototype index: 534
prototype class identity: 53
activation value (similarity score): 2.255427360534668
last layer connection: 0.9719715118408203
most highly activated patch of the chosen image by this prototype:
most highly activated patch by this prototype shown in the original image:
prototype activation map of the chosen image:
--------------------------------------------------------------
prototype index: 537
prototype class identity: 53
activation value (similarity score): 1.7843087911605835
last layer connection: 0.9883248209953308
most highly activated patch of the chosen image by this prototype:
most highly activated patch by this prototype shown in the original image:
prototype activation map of the chosen image:
--------------------------------------------------------------
prototype index: 538
prototype class identity: 53
activation value (similarity score): 1.708009958267212
last layer connection: 1.0062998533248901
most highly activated patch of the chosen image by this prototype:
most highly activated patch by this prototype shown in the original image:
prototype activation map of the chosen image:
--------------------------------------------------------------
prototype index: 536
prototype class identity: 53
activation value (similarity score): 1.4670624732971191
last layer connection: 1.0049400329589844
most highly activated patch of the chosen image by this prototype:
most highly activated patch by this prototype shown in the original image:
prototype activation map of the chosen image:
--------------------------------------------------------------
prototype index: 535
prototype class identity: 53
activation value (similarity score): 1.3723702430725098
last layer connection: 0.98224937915802
most highly activated patch of the chosen image by this prototype:
most highly activated patch by this prototype shown in the original image:
prototype activation map of the chosen image:
--------------------------------------------------------------
***************************************************************
top 3 predicted class: 82
logit of the class: -1614.343750
prototype index: 828
prototype class identity: 82
activation value (similarity score): 3.6858022212982178
last layer connection: 0.9959925413131714
most highly activated patch of the chosen image by this prototype:
most highly activated patch by this prototype shown in the original image:
prototype activation map of the chosen image:
--------------------------------------------------------------
prototype index: 825
prototype class identity: 82
activation value (similarity score): 2.6970272064208984
last layer connection: 1.0063903331756592
most highly activated patch of the chosen image by this prototype:
most highly activated patch by this prototype shown in the original image:
prototype activation map of the chosen image:
--------------------------------------------------------------
prototype index: 829
prototype class identity: 82
activation value (similarity score): 2.6571216583251953
last layer connection: 1.0000183582305908
most highly activated patch of the chosen image by this prototype:
most highly activated patch by this prototype shown in the original image:
prototype activation map of the chosen image:
--------------------------------------------------------------
prototype index: 822
prototype class identity: 82
activation value (similarity score): 2.43761944770813
last layer connection: 0.9934511184692383
most highly activated patch of the chosen image by this prototype:
most highly activated patch by this prototype shown in the original image:
prototype activation map of the chosen image:
--------------------------------------------------------------
prototype index: 827
prototype class identity: 82
activation value (similarity score): 2.183173656463623
last layer connection: 0.999702513217926
most highly activated patch of the chosen image by this prototype:
most highly activated patch by this prototype shown in the original image:
prototype activation map of the chosen image:
--------------------------------------------------------------
prototype index: 820
prototype class identity: 82
activation value (similarity score): 2.108755111694336
last layer connection: 1.0000687837600708
most highly activated patch of the chosen image by this prototype:
most highly activated patch by this prototype shown in the original image:
prototype activation map of the chosen image:
--------------------------------------------------------------
prototype index: 824
prototype class identity: 82
activation value (similarity score): 1.9578769207000732
last layer connection: 0.9897812604904175
most highly activated patch of the chosen image by this prototype:
most highly activated patch by this prototype shown in the original image:
prototype activation map of the chosen image:
--------------------------------------------------------------
prototype index: 823
prototype class identity: 82
activation value (similarity score): 1.8782498836517334
last layer connection: 0.9905073046684265
most highly activated patch of the chosen image by this prototype:
most highly activated patch by this prototype shown in the original image:
prototype activation map of the chosen image:
--------------------------------------------------------------
prototype index: 821
prototype class identity: 82
activation value (similarity score): 1.0508460998535156
last layer connection: 0.9668253064155579
most highly activated patch of the chosen image by this prototype:
most highly activated patch by this prototype shown in the original image:
prototype activation map of the chosen image:
--------------------------------------------------------------
prototype index: 826
prototype class identity: 82
activation value (similarity score): 0.7959206104278564
last layer connection: 0.9723631143569946
most highly activated patch of the chosen image by this prototype:
most highly activated patch by this prototype shown in the original image:
prototype activation map of the chosen image:
--------------------------------------------------------------
***************************************************************
top 4 predicted class: 135
logit of the class: -1615.244873
prototype index: 1359
prototype class identity: 135
activation value (similarity score): 4.196115493774414
last layer connection: 0.9974392652511597
most highly activated patch of the chosen image by this prototype:
most highly activated patch by this prototype shown in the original image:
prototype activation map of the chosen image:
--------------------------------------------------------------
prototype index: 1351
prototype class identity: 135
activation value (similarity score): 2.7255969047546387
last layer connection: 0.9878429770469666
most highly activated patch of the chosen image by this prototype:
most highly activated patch by this prototype shown in the original image:
prototype activation map of the chosen image:
--------------------------------------------------------------
prototype index: 1350
prototype class identity: 135
activation value (similarity score): 2.567549467086792
last layer connection: 0.9692991971969604
most highly activated patch of the chosen image by this prototype:
most highly activated patch by this prototype shown in the original image:
prototype activation map of the chosen image:
--------------------------------------------------------------
prototype index: 1356
prototype class identity: 135
activation value (similarity score): 2.541623115539551
last layer connection: 1.008218765258789
most highly activated patch of the chosen image by this prototype:
most highly activated patch by this prototype shown in the original image:
prototype activation map of the chosen image:
--------------------------------------------------------------
prototype index: 1352
prototype class identity: 135
activation value (similarity score): 2.4800992012023926
last layer connection: 0.9875587224960327
most highly activated patch of the chosen image by this prototype:
most highly activated patch by this prototype shown in the original image:
prototype activation map of the chosen image:
--------------------------------------------------------------
prototype index: 1355
prototype class identity: 135
activation value (similarity score): 2.1359193325042725
last layer connection: 1.0155935287475586
most highly activated patch of the chosen image by this prototype:
most highly activated patch by this prototype shown in the original image:
prototype activation map of the chosen image:
--------------------------------------------------------------
prototype index: 1357
prototype class identity: 135
activation value (similarity score): 1.7743736505508423
last layer connection: 1.0127506256103516
most highly activated patch of the chosen image by this prototype:
most highly activated patch by this prototype shown in the original image:
prototype activation map of the chosen image:
--------------------------------------------------------------
prototype index: 1353
prototype class identity: 135
activation value (similarity score): 1.6135061979293823
last layer connection: 1.002410888671875
most highly activated patch of the chosen image by this prototype:
most highly activated patch by this prototype shown in the original image:
prototype activation map of the chosen image:
--------------------------------------------------------------
prototype index: 1354
prototype class identity: 135
activation value (similarity score): 1.412082552909851
last layer connection: 0.9767958521842957
most highly activated patch of the chosen image by this prototype:
most highly activated patch by this prototype shown in the original image:
prototype activation map of the chosen image:
--------------------------------------------------------------
prototype index: 1358
prototype class identity: 135
activation value (similarity score): 1.1295697689056396
last layer connection: 1.0051852464675903
most highly activated patch of the chosen image by this prototype:
most highly activated patch by this prototype shown in the original image:
prototype activation map of the chosen image:
--------------------------------------------------------------
***************************************************************
top 5 predicted class: 75
logit of the class: -1615.952881
prototype index: 758
prototype class identity: 75
activation value (similarity score): 4.287972927093506
last layer connection: 0.9840057492256165
most highly activated patch of the chosen image by this prototype:
most highly activated patch by this prototype shown in the original image:
prototype activation map of the chosen image:
--------------------------------------------------------------
prototype index: 754
prototype class identity: 75
activation value (similarity score): 3.720254898071289
last layer connection: 0.9728538393974304
most highly activated patch of the chosen image by this prototype:
most highly activated patch by this prototype shown in the original image:
prototype activation map of the chosen image:
--------------------------------------------------------------
prototype index: 757
prototype class identity: 75
activation value (similarity score): 3.307103395462036
last layer connection: 0.9545453190803528
most highly activated patch of the chosen image by this prototype:
most highly activated patch by this prototype shown in the original image:
prototype activation map of the chosen image:
--------------------------------------------------------------
prototype index: 756
prototype class identity: 75
activation value (similarity score): 3.0217859745025635
last layer connection: 1.0106291770935059
most highly activated patch of the chosen image by this prototype:
most highly activated patch by this prototype shown in the original image:
prototype activation map of the chosen image:
--------------------------------------------------------------
prototype index: 752
prototype class identity: 75
activation value (similarity score): 2.703598976135254
last layer connection: 1.0065717697143555
most highly activated patch of the chosen image by this prototype:
most highly activated patch by this prototype shown in the original image:
prototype activation map of the chosen image:
--------------------------------------------------------------
prototype index: 755
prototype class identity: 75
activation value (similarity score): 2.113280773162842
last layer connection: 0.9934831261634827
most highly activated patch of the chosen image by this prototype:
most highly activated patch by this prototype shown in the original image:
prototype activation map of the chosen image:
--------------------------------------------------------------
prototype index: 751
prototype class identity: 75
activation value (similarity score): 1.8603962659835815
last layer connection: 0.9761078357696533
most highly activated patch of the chosen image by this prototype:
most highly activated patch by this prototype shown in the original image:
prototype activation map of the chosen image:
--------------------------------------------------------------
prototype index: 759
prototype class identity: 75
activation value (similarity score): 1.846810221672058
last layer connection: 0.9619898200035095
most highly activated patch of the chosen image by this prototype:
most highly activated patch by this prototype shown in the original image:
prototype activation map of the chosen image:
--------------------------------------------------------------
prototype index: 750
prototype class identity: 75
activation value (similarity score): 1.6779638528823853
last layer connection: 0.9951870441436768
most highly activated patch of the chosen image by this prototype:
most highly activated patch by this prototype shown in the original image:
prototype activation map of the chosen image:
--------------------------------------------------------------
prototype index: 753
prototype class identity: 75
activation value (similarity score): 1.0597636699676514
last layer connection: 1.0156759023666382
most highly activated patch of the chosen image by this prototype:
most highly activated patch by this prototype shown in the original image:
prototype activation map of the chosen image:
--------------------------------------------------------------
***************************************************************
top 6 predicted class: 133
logit of the class: -1616.095215
prototype index: 1331
prototype class identity: 133
activation value (similarity score): 3.647679567337036
last layer connection: 1.0248496532440186
most highly activated patch of the chosen image by this prototype:
most highly activated patch by this prototype shown in the original image:
prototype activation map of the chosen image:
--------------------------------------------------------------
prototype index: 1336
prototype class identity: 133
activation value (similarity score): 2.3475027084350586
last layer connection: 1.0169318914413452
most highly activated patch of the chosen image by this prototype:
most highly activated patch by this prototype shown in the original image:
prototype activation map of the chosen image:
--------------------------------------------------------------
prototype index: 1335
prototype class identity: 133
activation value (similarity score): 2.027374505996704
last layer connection: 0.9913836121559143
most highly activated patch of the chosen image by this prototype:
most highly activated patch by this prototype shown in the original image:
prototype activation map of the chosen image:
--------------------------------------------------------------
prototype index: 1339
prototype class identity: 133
activation value (similarity score): 1.85822331905365
last layer connection: 0.9739895462989807
most highly activated patch of the chosen image by this prototype:
most highly activated patch by this prototype shown in the original image:
prototype activation map of the chosen image:
--------------------------------------------------------------
prototype index: 1337
prototype class identity: 133
activation value (similarity score): 1.8292239904403687
last layer connection: 0.9685003161430359
most highly activated patch of the chosen image by this prototype:
most highly activated patch by this prototype shown in the original image:
prototype activation map of the chosen image:
--------------------------------------------------------------
prototype index: 1338
prototype class identity: 133
activation value (similarity score): 1.813954472541809
last layer connection: 0.982957124710083
most highly activated patch of the chosen image by this prototype:
most highly activated patch by this prototype shown in the original image:
prototype activation map of the chosen image:
--------------------------------------------------------------
prototype index: 1330
prototype class identity: 133
activation value (similarity score): 1.5552972555160522
last layer connection: 0.9717174768447876
most highly activated patch of the chosen image by this prototype:
most highly activated patch by this prototype shown in the original image:
prototype activation map of the chosen image:
--------------------------------------------------------------
prototype index: 1334
prototype class identity: 133
activation value (similarity score): 1.4748773574829102
last layer connection: 0.9944503307342529
most highly activated patch of the chosen image by this prototype:
most highly activated patch by this prototype shown in the original image:
prototype activation map of the chosen image:
--------------------------------------------------------------
prototype index: 1333
prototype class identity: 133
activation value (similarity score): 1.3854656219482422
last layer connection: 1.0119282007217407
most highly activated patch of the chosen image by this prototype:
most highly activated patch by this prototype shown in the original image:
prototype activation map of the chosen image:
--------------------------------------------------------------
prototype index: 1332
prototype class identity: 133
activation value (similarity score): 0.9454188346862793
last layer connection: 1.014243721961975
most highly activated patch of the chosen image by this prototype:
most highly activated patch by this prototype shown in the original image:
prototype activation map of the chosen image:
--------------------------------------------------------------
***************************************************************
top 7 predicted class: 86
logit of the class: -1616.651001
prototype index: 869
prototype class identity: 86
activation value (similarity score): 2.985084295272827
last layer connection: 1.0207383632659912
most highly activated patch of the chosen image by this prototype:
most highly activated patch by this prototype shown in the original image:
prototype activation map of the chosen image:
--------------------------------------------------------------
prototype index: 860
prototype class identity: 86
activation value (similarity score): 2.342637777328491
last layer connection: 0.9801642894744873
most highly activated patch of the chosen image by this prototype:
most highly activated patch by this prototype shown in the original image:
prototype activation map of the chosen image:
--------------------------------------------------------------
prototype index: 862
prototype class identity: 86
activation value (similarity score): 2.3356268405914307
last layer connection: 1.018926739692688
most highly activated patch of the chosen image by this prototype:
most highly activated patch by this prototype shown in the original image:
prototype activation map of the chosen image:
--------------------------------------------------------------
prototype index: 863
prototype class identity: 86
activation value (similarity score): 2.1811106204986572
last layer connection: 0.9871842265129089
most highly activated patch of the chosen image by this prototype:
most highly activated patch by this prototype shown in the original image:
prototype activation map of the chosen image:
--------------------------------------------------------------
prototype index: 861
prototype class identity: 86
activation value (similarity score): 2.1171090602874756
last layer connection: 1.0431370735168457
most highly activated patch of the chosen image by this prototype:
most highly activated patch by this prototype shown in the original image:
prototype activation map of the chosen image:
--------------------------------------------------------------
prototype index: 866
prototype class identity: 86
activation value (similarity score): 1.7517714500427246
last layer connection: 0.9805416464805603
most highly activated patch of the chosen image by this prototype:
most highly activated patch by this prototype shown in the original image:
prototype activation map of the chosen image:
--------------------------------------------------------------
prototype index: 867
prototype class identity: 86
activation value (similarity score): 1.5847030878067017
last layer connection: 1.0082427263259888
most highly activated patch of the chosen image by this prototype:
most highly activated patch by this prototype shown in the original image:
prototype activation map of the chosen image:
--------------------------------------------------------------
prototype index: 868
prototype class identity: 86
activation value (similarity score): 0.8218324184417725
last layer connection: 0.9275137782096863
most highly activated patch of the chosen image by this prototype:
most highly activated patch by this prototype shown in the original image:
prototype activation map of the chosen image:
--------------------------------------------------------------
prototype index: 864
prototype class identity: 86
activation value (similarity score): 0.8218324184417725
last layer connection: 0.9275137782096863
most highly activated patch of the chosen image by this prototype:
most highly activated patch by this prototype shown in the original image:
prototype activation map of the chosen image:
--------------------------------------------------------------
prototype index: 865
prototype class identity: 86
activation value (similarity score): 0.7879301905632019
last layer connection: 0.9851377010345459
most highly activated patch of the chosen image by this prototype:
most highly activated patch by this prototype shown in the original image:
prototype activation map of the chosen image:
--------------------------------------------------------------
***************************************************************
top 8 predicted class: 191
logit of the class: -1617.242188
prototype index: 1911
prototype class identity: 191
activation value (similarity score): 3.3417739868164062
last layer connection: 1.0106748342514038
most highly activated patch of the chosen image by this prototype:
most highly activated patch by this prototype shown in the original image:
prototype activation map of the chosen image:
--------------------------------------------------------------
prototype index: 1910
prototype class identity: 191
activation value (similarity score): 3.077047109603882
last layer connection: 1.0283985137939453
most highly activated patch of the chosen image by this prototype:
most highly activated patch by this prototype shown in the original image:
prototype activation map of the chosen image:
--------------------------------------------------------------
prototype index: 1917
prototype class identity: 191
activation value (similarity score): 2.525996446609497
last layer connection: 0.9728465676307678
most highly activated patch of the chosen image by this prototype:
most highly activated patch by this prototype shown in the original image:
prototype activation map of the chosen image:
--------------------------------------------------------------
prototype index: 1912
prototype class identity: 191
activation value (similarity score): 2.223238945007324
last layer connection: 0.9954832196235657
most highly activated patch of the chosen image by this prototype:
most highly activated patch by this prototype shown in the original image:
prototype activation map of the chosen image:
--------------------------------------------------------------
prototype index: 1919
prototype class identity: 191
activation value (similarity score): 1.7290425300598145
last layer connection: 0.9616178274154663
most highly activated patch of the chosen image by this prototype:
most highly activated patch by this prototype shown in the original image:
prototype activation map of the chosen image:
--------------------------------------------------------------
prototype index: 1916
prototype class identity: 191
activation value (similarity score): 1.311108946800232
last layer connection: 0.9450997710227966
most highly activated patch of the chosen image by this prototype:
most highly activated patch by this prototype shown in the original image:
prototype activation map of the chosen image:
--------------------------------------------------------------
prototype index: 1914
prototype class identity: 191
activation value (similarity score): 1.2646781206130981
last layer connection: 0.9804484844207764
most highly activated patch of the chosen image by this prototype:
most highly activated patch by this prototype shown in the original image:
prototype activation map of the chosen image:
--------------------------------------------------------------
prototype index: 1913
prototype class identity: 191
activation value (similarity score): 1.092508316040039
last layer connection: 1.0329455137252808
most highly activated patch of the chosen image by this prototype:
most highly activated patch by this prototype shown in the original image:
prototype activation map of the chosen image:
--------------------------------------------------------------
prototype index: 1918
prototype class identity: 191
activation value (similarity score): 1.0843325853347778
last layer connection: 0.9730162620544434
most highly activated patch of the chosen image by this prototype:
most highly activated patch by this prototype shown in the original image:
prototype activation map of the chosen image:
--------------------------------------------------------------
prototype index: 1915
prototype class identity: 191
activation value (similarity score): 1.0428979396820068
last layer connection: 0.9924612641334534
most highly activated patch of the chosen image by this prototype:
most highly activated patch by this prototype shown in the original image:
prototype activation map of the chosen image:
--------------------------------------------------------------
***************************************************************
top 9 predicted class: 72
logit of the class: -1617.324219
prototype index: 727
prototype class identity: 72
activation value (similarity score): 3.2990171909332275
last layer connection: 1.0719776153564453
most highly activated patch of the chosen image by this prototype:
most highly activated patch by this prototype shown in the original image:
prototype activation map of the chosen image:
--------------------------------------------------------------
prototype index: 724
prototype class identity: 72
activation value (similarity score): 2.234015941619873
last layer connection: 1.0010207891464233
most highly activated patch of the chosen image by this prototype:
most highly activated patch by this prototype shown in the original image:
prototype activation map of the chosen image:
--------------------------------------------------------------
prototype index: 725
prototype class identity: 72
activation value (similarity score): 1.5780270099639893
last layer connection: 0.9836908578872681
most highly activated patch of the chosen image by this prototype:
most highly activated patch by this prototype shown in the original image:
prototype activation map of the chosen image:
--------------------------------------------------------------
prototype index: 726
prototype class identity: 72
activation value (similarity score): 1.5404170751571655
last layer connection: 1.0049214363098145
most highly activated patch of the chosen image by this prototype:
most highly activated patch by this prototype shown in the original image:
prototype activation map of the chosen image:
--------------------------------------------------------------
prototype index: 728
prototype class identity: 72
activation value (similarity score): 1.3283392190933228
last layer connection: 0.9864488840103149
most highly activated patch of the chosen image by this prototype:
most highly activated patch by this prototype shown in the original image:
prototype activation map of the chosen image:
--------------------------------------------------------------
prototype index: 721
prototype class identity: 72
activation value (similarity score): 1.190138339996338
last layer connection: 0.995195209980011
most highly activated patch of the chosen image by this prototype:
most highly activated patch by this prototype shown in the original image:
prototype activation map of the chosen image:
--------------------------------------------------------------
prototype index: 720
prototype class identity: 72
activation value (similarity score): 1.186998963356018
last layer connection: 0.9940828680992126
most highly activated patch of the chosen image by this prototype:
most highly activated patch by this prototype shown in the original image:
prototype activation map of the chosen image:
--------------------------------------------------------------
prototype index: 722
prototype class identity: 72
activation value (similarity score): 1.105378270149231
last layer connection: 0.9808225631713867
most highly activated patch of the chosen image by this prototype:
most highly activated patch by this prototype shown in the original image:
prototype activation map of the chosen image:
--------------------------------------------------------------
prototype index: 729
prototype class identity: 72
activation value (similarity score): 1.0259727239608765
last layer connection: 1.0083825588226318
most highly activated patch of the chosen image by this prototype:
most highly activated patch by this prototype shown in the original image:
prototype activation map of the chosen image:
--------------------------------------------------------------
prototype index: 723
prototype class identity: 72
activation value (similarity score): 0.9604402780532837
last layer connection: 1.0281754732131958
most highly activated patch of the chosen image by this prototype:
most highly activated patch by this prototype shown in the original image:
prototype activation map of the chosen image:
--------------------------------------------------------------
***************************************************************
top 10 predicted class: 137
logit of the class: -1617.701660
prototype index: 1374
prototype class identity: 137
activation value (similarity score): 3.158766031265259
last layer connection: 0.9928598999977112
most highly activated patch of the chosen image by this prototype:
most highly activated patch by this prototype shown in the original image:
prototype activation map of the chosen image:
--------------------------------------------------------------
prototype index: 1376
prototype class identity: 137
activation value (similarity score): 3.098458766937256
last layer connection: 0.9952695369720459
most highly activated patch of the chosen image by this prototype:
most highly activated patch by this prototype shown in the original image:
prototype activation map of the chosen image:
--------------------------------------------------------------
prototype index: 1371
prototype class identity: 137
activation value (similarity score): 2.878716468811035
last layer connection: 1.020857810974121
most highly activated patch of the chosen image by this prototype:
most highly activated patch by this prototype shown in the original image:
prototype activation map of the chosen image:
--------------------------------------------------------------
prototype index: 1373
prototype class identity: 137
activation value (similarity score): 2.837944984436035
last layer connection: 1.0088391304016113
most highly activated patch of the chosen image by this prototype:
most highly activated patch by this prototype shown in the original image:
prototype activation map of the chosen image:
--------------------------------------------------------------
prototype index: 1375
prototype class identity: 137
activation value (similarity score): 2.2971484661102295
last layer connection: 0.9746488332748413
most highly activated patch of the chosen image by this prototype:
most highly activated patch by this prototype shown in the original image:
prototype activation map of the chosen image:
--------------------------------------------------------------
prototype index: 1370
prototype class identity: 137
activation value (similarity score): 2.0617380142211914
last layer connection: 0.9832980036735535
most highly activated patch of the chosen image by this prototype:
most highly activated patch by this prototype shown in the original image:
prototype activation map of the chosen image:
--------------------------------------------------------------
prototype index: 1377
prototype class identity: 137
activation value (similarity score): 1.6419591903686523
last layer connection: 1.0088833570480347
most highly activated patch of the chosen image by this prototype:
most highly activated patch by this prototype shown in the original image:
prototype activation map of the chosen image:
--------------------------------------------------------------
prototype index: 1379
prototype class identity: 137
activation value (similarity score): 1.4754329919815063
last layer connection: 0.9881786704063416
most highly activated patch of the chosen image by this prototype:
most highly activated patch by this prototype shown in the original image:
prototype activation map of the chosen image:
--------------------------------------------------------------
prototype index: 1372
prototype class identity: 137
activation value (similarity score): 1.4754329919815063
last layer connection: 0.9881786704063416
most highly activated patch of the chosen image by this prototype:
most highly activated patch by this prototype shown in the original image:
prototype activation map of the chosen image:
--------------------------------------------------------------
prototype index: 1378
prototype class identity: 137
activation value (similarity score): 0.9641780853271484
last layer connection: 0.9852690100669861
most highly activated patch of the chosen image by this prototype:
most highly activated patch by this prototype shown in the original image:
prototype activation map of the chosen image:
--------------------------------------------------------------
***************************************************************
Prediction is wrong.
